============================================================================================
Device set to : cpu
============================================================================================
============================================================================================
training environment name : multigrid-covering-v0
current logging run number for multigrid-covering-v0 :  0
logging at : PPO_logs/multigrid-covering-v0//PPO_multigrid-covering-v0_log_0.csv
save checkpoint path : PPO_preTrained/multigrid-covering-v0/PPO_multigrid-covering-v0_0_0.pth
--------------------------------------------------------------------------------------------
max training timesteps :  900000
max timesteps per episode :  100
model saving frequency : 100000 timesteps
log frequency : 200 timesteps
printing average reward over episodes in last : 1000 timesteps
--------------------------------------------------------------------------------------------
state space dimension :  54
action space dimension :  4
--------------------------------------------------------------------------------------------
Initializing a discrete action space policy
--------------------------------------------------------------------------------------------
PPO update frequency : 400 timesteps
PPO K epochs :  200
PPO epsilon clip :  0.2
discount factor (gamma) :  0.99
--------------------------------------------------------------------------------------------
optimizer learning rate actor :  0.0001
optimizer learning rate critic :  0.001
============================================================================================
Started training at (GMT) :  2022-11-22 19:48:32
============================================================================================
Episode : 9 		 Timestep : 1000 		 Average Reward : 148.89
Episode : 19 		 Timestep : 2000 		 Average Reward : 149.2
Episode : 29 		 Timestep : 3000 		 Average Reward : 168.9
Episode : 39 		 Timestep : 4000 		 Average Reward : 131.4
Episode : 49 		 Timestep : 5000 		 Average Reward : 150.0
Episode : 59 		 Timestep : 6000 		 Average Reward : 160.5
Episode : 69 		 Timestep : 7000 		 Average Reward : 159.7
Episode : 79 		 Timestep : 8000 		 Average Reward : 134.1
Episode : 89 		 Timestep : 9000 		 Average Reward : 182.7
Episode : 99 		 Timestep : 10000 		 Average Reward : 176.9
Episode : 109 		 Timestep : 11000 		 Average Reward : 113.8
Episode : 119 		 Timestep : 12000 		 Average Reward : 157.9
Episode : 129 		 Timestep : 13000 		 Average Reward : 149.4
Episode : 139 		 Timestep : 14000 		 Average Reward : 139.2
Episode : 149 		 Timestep : 15000 		 Average Reward : 174.1
Episode : 159 		 Timestep : 16000 		 Average Reward : 140.9
Episode : 169 		 Timestep : 17000 		 Average Reward : 153.8
Episode : 179 		 Timestep : 18000 		 Average Reward : 158.0
Episode : 189 		 Timestep : 19000 		 Average Reward : 154.4
Episode : 199 		 Timestep : 20000 		 Average Reward : 173.1
Episode : 209 		 Timestep : 21000 		 Average Reward : 190.2
Episode : 219 		 Timestep : 22000 		 Average Reward : 115.6
Episode : 229 		 Timestep : 23000 		 Average Reward : 128.1
Episode : 239 		 Timestep : 24000 		 Average Reward : 154.5
Episode : 249 		 Timestep : 25000 		 Average Reward : 180.4
Episode : 259 		 Timestep : 26000 		 Average Reward : 144.6
Episode : 269 		 Timestep : 27000 		 Average Reward : 173.0
Episode : 279 		 Timestep : 28000 		 Average Reward : 190.6
Episode : 289 		 Timestep : 29000 		 Average Reward : 182.6
Episode : 299 		 Timestep : 30000 		 Average Reward : 194.2
Episode : 309 		 Timestep : 31000 		 Average Reward : 155.2
Episode : 319 		 Timestep : 32000 		 Average Reward : 195.6
Episode : 329 		 Timestep : 33000 		 Average Reward : 220.1
Episode : 339 		 Timestep : 34000 		 Average Reward : 229.1
Episode : 349 		 Timestep : 35000 		 Average Reward : 222.9
Episode : 359 		 Timestep : 36000 		 Average Reward : 179.3
Episode : 369 		 Timestep : 37000 		 Average Reward : 209.8
Episode : 379 		 Timestep : 38000 		 Average Reward : 189.5
Episode : 389 		 Timestep : 39000 		 Average Reward : 221.9
Episode : 399 		 Timestep : 40000 		 Average Reward : 175.4
Episode : 409 		 Timestep : 41000 		 Average Reward : 204.8
Episode : 419 		 Timestep : 42000 		 Average Reward : 173.1
Episode : 429 		 Timestep : 43000 		 Average Reward : 202.9
Episode : 439 		 Timestep : 44000 		 Average Reward : 210.4
Episode : 449 		 Timestep : 45000 		 Average Reward : 191.8
Episode : 459 		 Timestep : 46000 		 Average Reward : 208.2
Episode : 469 		 Timestep : 47000 		 Average Reward : 203.7
Episode : 479 		 Timestep : 48000 		 Average Reward : 208.9
Episode : 489 		 Timestep : 49000 		 Average Reward : 173.9
Episode : 499 		 Timestep : 50000 		 Average Reward : 177.6
Episode : 509 		 Timestep : 51000 		 Average Reward : 188.1
Episode : 519 		 Timestep : 52000 		 Average Reward : 172.4
Episode : 529 		 Timestep : 53000 		 Average Reward : 178.1
Episode : 539 		 Timestep : 54000 		 Average Reward : 235.5
Episode : 549 		 Timestep : 55000 		 Average Reward : 218.9
Episode : 559 		 Timestep : 56000 		 Average Reward : 171.9
Episode : 569 		 Timestep : 57000 		 Average Reward : 169.3
Episode : 579 		 Timestep : 58000 		 Average Reward : 188.8
Episode : 589 		 Timestep : 59000 		 Average Reward : 184.9
Episode : 599 		 Timestep : 60000 		 Average Reward : 206.4
Episode : 609 		 Timestep : 61000 		 Average Reward : 228.0
Episode : 619 		 Timestep : 62000 		 Average Reward : 196.2
Episode : 629 		 Timestep : 63000 		 Average Reward : 245.5
Episode : 639 		 Timestep : 64000 		 Average Reward : 226.6
Episode : 649 		 Timestep : 65000 		 Average Reward : 191.0
Episode : 659 		 Timestep : 66000 		 Average Reward : 195.8
Episode : 669 		 Timestep : 67000 		 Average Reward : 215.2
Episode : 679 		 Timestep : 68000 		 Average Reward : 243.8
Episode : 689 		 Timestep : 69000 		 Average Reward : 215.7
Episode : 699 		 Timestep : 70000 		 Average Reward : 203.1
Episode : 709 		 Timestep : 71000 		 Average Reward : 192.5
Episode : 719 		 Timestep : 72000 		 Average Reward : 242.6
Episode : 729 		 Timestep : 73000 		 Average Reward : 240.4
Episode : 739 		 Timestep : 74000 		 Average Reward : 207.2
Episode : 749 		 Timestep : 75000 		 Average Reward : 196.8
Episode : 759 		 Timestep : 76000 		 Average Reward : 197.7
Episode : 769 		 Timestep : 77000 		 Average Reward : 234.4
Episode : 779 		 Timestep : 78000 		 Average Reward : 249.3
Episode : 789 		 Timestep : 79000 		 Average Reward : 211.6
Episode : 799 		 Timestep : 80000 		 Average Reward : 240.6
Episode : 809 		 Timestep : 81000 		 Average Reward : 177.5
Episode : 819 		 Timestep : 82000 		 Average Reward : 240.4
Episode : 829 		 Timestep : 83000 		 Average Reward : 206.7
Episode : 839 		 Timestep : 84000 		 Average Reward : 192.5
Episode : 849 		 Timestep : 85000 		 Average Reward : 195.5
Episode : 859 		 Timestep : 86000 		 Average Reward : 170.9
Episode : 869 		 Timestep : 87000 		 Average Reward : 219.7
Episode : 879 		 Timestep : 88000 		 Average Reward : 212.7
Episode : 889 		 Timestep : 89000 		 Average Reward : 157.7
Episode : 899 		 Timestep : 90000 		 Average Reward : 202.5
Episode : 909 		 Timestep : 91000 		 Average Reward : 183.3
Episode : 919 		 Timestep : 92000 		 Average Reward : 177.4
Episode : 929 		 Timestep : 93000 		 Average Reward : 186.5
Episode : 939 		 Timestep : 94000 		 Average Reward : 238.9
Episode : 949 		 Timestep : 95000 		 Average Reward : 192.2
Episode : 959 		 Timestep : 96000 		 Average Reward : 193.9
Episode : 969 		 Timestep : 97000 		 Average Reward : 222.0
Episode : 979 		 Timestep : 98000 		 Average Reward : 213.3
Episode : 989 		 Timestep : 99000 		 Average Reward : 163.4
Episode : 999 		 Timestep : 100000 		 Average Reward : 167.0
--------------------------------------------------------------------------------------------
saving model at : PPO_preTrained/multigrid-covering-v0/PPO_multigrid-covering-v0_0_0.pth
model saved
Elapsed Time  :  1:41:43
--------------------------------------------------------------------------------------------
Episode : 1009 		 Timestep : 101000 		 Average Reward : 213.8
Episode : 1019 		 Timestep : 102000 		 Average Reward : 182.0
Episode : 1029 		 Timestep : 103000 		 Average Reward : 200.7
Episode : 1039 		 Timestep : 104000 		 Average Reward : 240.4
Episode : 1049 		 Timestep : 105000 		 Average Reward : 205.2
Episode : 1059 		 Timestep : 106000 		 Average Reward : 229.3
Episode : 1069 		 Timestep : 107000 		 Average Reward : 167.7
Episode : 1079 		 Timestep : 108000 		 Average Reward : 186.2
Episode : 1089 		 Timestep : 109000 		 Average Reward : 233.7
Episode : 1099 		 Timestep : 110000 		 Average Reward : 226.2
Episode : 1109 		 Timestep : 111000 		 Average Reward : 226.2
Episode : 1119 		 Timestep : 112000 		 Average Reward : 223.4
Episode : 1129 		 Timestep : 113000 		 Average Reward : 225.5
Episode : 1139 		 Timestep : 114000 		 Average Reward : 250.2
Episode : 1149 		 Timestep : 115000 		 Average Reward : 252.8
Episode : 1159 		 Timestep : 116000 		 Average Reward : 240.2
Episode : 1169 		 Timestep : 117000 		 Average Reward : 268.7
Episode : 1179 		 Timestep : 118000 		 Average Reward : 242.3
Episode : 1189 		 Timestep : 119000 		 Average Reward : 208.8
Episode : 1199 		 Timestep : 120000 		 Average Reward : 238.3
Episode : 1209 		 Timestep : 121000 		 Average Reward : 209.9
Episode : 1219 		 Timestep : 122000 		 Average Reward : 245.9
Episode : 1229 		 Timestep : 123000 		 Average Reward : 235.9
Episode : 1239 		 Timestep : 124000 		 Average Reward : 207.5
Episode : 1249 		 Timestep : 125000 		 Average Reward : 247.7
Episode : 1259 		 Timestep : 126000 		 Average Reward : 236.9
Episode : 1269 		 Timestep : 127000 		 Average Reward : 217.2
Episode : 1279 		 Timestep : 128000 		 Average Reward : 221.8
Episode : 1289 		 Timestep : 129000 		 Average Reward : 221.8
Episode : 1299 		 Timestep : 130000 		 Average Reward : 233.2
Episode : 1309 		 Timestep : 131000 		 Average Reward : 253.0
Episode : 1319 		 Timestep : 132000 		 Average Reward : 266.6
Episode : 1329 		 Timestep : 133000 		 Average Reward : 255.5
Episode : 1339 		 Timestep : 134000 		 Average Reward : 249.0
Episode : 1349 		 Timestep : 135000 		 Average Reward : 264.1
Episode : 1359 		 Timestep : 136000 		 Average Reward : 212.7
Episode : 1369 		 Timestep : 137000 		 Average Reward : 246.7
Episode : 1379 		 Timestep : 138000 		 Average Reward : 252.2
Episode : 1389 		 Timestep : 139000 		 Average Reward : 232.8
Episode : 1399 		 Timestep : 140000 		 Average Reward : 236.1
Episode : 1409 		 Timestep : 141000 		 Average Reward : 255.4
Episode : 1419 		 Timestep : 142000 		 Average Reward : 255.6
Episode : 1429 		 Timestep : 143000 		 Average Reward : 245.8
Episode : 1439 		 Timestep : 144000 		 Average Reward : 216.9
Episode : 1449 		 Timestep : 145000 		 Average Reward : 274.9
Episode : 1459 		 Timestep : 146000 		 Average Reward : 250.2
Episode : 1469 		 Timestep : 147000 		 Average Reward : 254.4
Episode : 1479 		 Timestep : 148000 		 Average Reward : 213.2
Episode : 1489 		 Timestep : 149000 		 Average Reward : 247.4
Episode : 1499 		 Timestep : 150000 		 Average Reward : 253.2
Episode : 1509 		 Timestep : 151000 		 Average Reward : 232.2
Episode : 1519 		 Timestep : 152000 		 Average Reward : 228.1
Episode : 1529 		 Timestep : 153000 		 Average Reward : 206.1
Episode : 1539 		 Timestep : 154000 		 Average Reward : 171.0
Episode : 1549 		 Timestep : 155000 		 Average Reward : 255.7
Episode : 1559 		 Timestep : 156000 		 Average Reward : 209.8
Episode : 1569 		 Timestep : 157000 		 Average Reward : 225.4
Episode : 1579 		 Timestep : 158000 		 Average Reward : 180.3
Episode : 1589 		 Timestep : 159000 		 Average Reward : 246.0
Episode : 1599 		 Timestep : 160000 		 Average Reward : 206.1
Episode : 1609 		 Timestep : 161000 		 Average Reward : 209.7
Episode : 1619 		 Timestep : 162000 		 Average Reward : 241.1
Episode : 1629 		 Timestep : 163000 		 Average Reward : 193.7
Episode : 1639 		 Timestep : 164000 		 Average Reward : 183.0
Episode : 1649 		 Timestep : 165000 		 Average Reward : 239.3
Episode : 1659 		 Timestep : 166000 		 Average Reward : 203.3
Episode : 1669 		 Timestep : 167000 		 Average Reward : 245.1
Episode : 1679 		 Timestep : 168000 		 Average Reward : 215.5
Episode : 1689 		 Timestep : 169000 		 Average Reward : 168.5
Episode : 1699 		 Timestep : 170000 		 Average Reward : 214.6
Episode : 1709 		 Timestep : 171000 		 Average Reward : 225.8
Episode : 1719 		 Timestep : 172000 		 Average Reward : 211.5
Episode : 1729 		 Timestep : 173000 		 Average Reward : 243.8
Episode : 1739 		 Timestep : 174000 		 Average Reward : 193.9
Episode : 1749 		 Timestep : 175000 		 Average Reward : 206.9
Episode : 1759 		 Timestep : 176000 		 Average Reward : 205.3
Episode : 1769 		 Timestep : 177000 		 Average Reward : 223.3
Episode : 1779 		 Timestep : 178000 		 Average Reward : 234.7
Episode : 1789 		 Timestep : 179000 		 Average Reward : 206.3
Episode : 1799 		 Timestep : 180000 		 Average Reward : 204.5
Episode : 1809 		 Timestep : 181000 		 Average Reward : 212.5
Episode : 1819 		 Timestep : 182000 		 Average Reward : 220.5
Episode : 1829 		 Timestep : 183000 		 Average Reward : 197.3
Episode : 1839 		 Timestep : 184000 		 Average Reward : 215.5
Episode : 1849 		 Timestep : 185000 		 Average Reward : 192.9
Episode : 1859 		 Timestep : 186000 		 Average Reward : 206.4
Episode : 1869 		 Timestep : 187000 		 Average Reward : 203.0
Episode : 1879 		 Timestep : 188000 		 Average Reward : 190.9
Episode : 1889 		 Timestep : 189000 		 Average Reward : 189.8
Episode : 1899 		 Timestep : 190000 		 Average Reward : 179.3
Episode : 1909 		 Timestep : 191000 		 Average Reward : 215.3
Episode : 1919 		 Timestep : 192000 		 Average Reward : 188.3
Episode : 1929 		 Timestep : 193000 		 Average Reward : 216.2
Episode : 1939 		 Timestep : 194000 		 Average Reward : 238.7
Episode : 1949 		 Timestep : 195000 		 Average Reward : 198.3
Episode : 1959 		 Timestep : 196000 		 Average Reward : 193.0
Episode : 1969 		 Timestep : 197000 		 Average Reward : 224.7
Episode : 1979 		 Timestep : 198000 		 Average Reward : 203.6
Episode : 1989 		 Timestep : 199000 		 Average Reward : 238.6
Episode : 1999 		 Timestep : 200000 		 Average Reward : 199.7
--------------------------------------------------------------------------------------------
saving model at : PPO_preTrained/multigrid-covering-v0/PPO_multigrid-covering-v0_0_0.pth
model saved
Elapsed Time  :  4:29:39
--------------------------------------------------------------------------------------------
Episode : 2009 		 Timestep : 201000 		 Average Reward : 176.4
Episode : 2019 		 Timestep : 202000 		 Average Reward : 223.9
Episode : 2029 		 Timestep : 203000 		 Average Reward : 187.3
Episode : 2039 		 Timestep : 204000 		 Average Reward : 201.3
Episode : 2049 		 Timestep : 205000 		 Average Reward : 232.1
Episode : 2059 		 Timestep : 206000 		 Average Reward : 241.1
Episode : 2069 		 Timestep : 207000 		 Average Reward : 230.7
Episode : 2079 		 Timestep : 208000 		 Average Reward : 203.8
Episode : 2089 		 Timestep : 209000 		 Average Reward : 215.6
Episode : 2099 		 Timestep : 210000 		 Average Reward : 245.2
Episode : 2109 		 Timestep : 211000 		 Average Reward : 224.9
Episode : 2119 		 Timestep : 212000 		 Average Reward : 240.3
Episode : 2129 		 Timestep : 213000 		 Average Reward : 213.5
Episode : 2139 		 Timestep : 214000 		 Average Reward : 187.1
Episode : 2149 		 Timestep : 215000 		 Average Reward : 184.5
Episode : 2159 		 Timestep : 216000 		 Average Reward : 232.4
Episode : 2169 		 Timestep : 217000 		 Average Reward : 189.7
Episode : 2179 		 Timestep : 218000 		 Average Reward : 218.9
Episode : 2189 		 Timestep : 219000 		 Average Reward : 191.6
Episode : 2199 		 Timestep : 220000 		 Average Reward : 241.9
Episode : 2209 		 Timestep : 221000 		 Average Reward : 252.5
Episode : 2219 		 Timestep : 222000 		 Average Reward : 202.7
Episode : 2229 		 Timestep : 223000 		 Average Reward : 253.2
Episode : 2239 		 Timestep : 224000 		 Average Reward : 236.2
Episode : 2249 		 Timestep : 225000 		 Average Reward : 240.7
Episode : 2259 		 Timestep : 226000 		 Average Reward : 225.3
Episode : 2269 		 Timestep : 227000 		 Average Reward : 210.2
Episode : 2279 		 Timestep : 228000 		 Average Reward : 200.3
Episode : 2289 		 Timestep : 229000 		 Average Reward : 177.8
Episode : 2299 		 Timestep : 230000 		 Average Reward : 184.8
Episode : 2309 		 Timestep : 231000 		 Average Reward : 227.6
Episode : 2319 		 Timestep : 232000 		 Average Reward : 219.4
Episode : 2329 		 Timestep : 233000 		 Average Reward : 211.7
Episode : 2339 		 Timestep : 234000 		 Average Reward : 216.7
Episode : 2349 		 Timestep : 235000 		 Average Reward : 197.1
Episode : 2359 		 Timestep : 236000 		 Average Reward : 214.0
Episode : 2369 		 Timestep : 237000 		 Average Reward : 186.1
Episode : 2379 		 Timestep : 238000 		 Average Reward : 225.2
Episode : 2389 		 Timestep : 239000 		 Average Reward : 197.9
Episode : 2399 		 Timestep : 240000 		 Average Reward : 224.1
Episode : 2409 		 Timestep : 241000 		 Average Reward : 237.9
Episode : 2419 		 Timestep : 242000 		 Average Reward : 231.8
Episode : 2429 		 Timestep : 243000 		 Average Reward : 222.6
Episode : 2439 		 Timestep : 244000 		 Average Reward : 189.5
Episode : 2449 		 Timestep : 245000 		 Average Reward : 216.5
Episode : 2459 		 Timestep : 246000 		 Average Reward : 204.4
Episode : 2469 		 Timestep : 247000 		 Average Reward : 185.3
Episode : 2479 		 Timestep : 248000 		 Average Reward : 224.6
Episode : 2489 		 Timestep : 249000 		 Average Reward : 214.6
Episode : 2499 		 Timestep : 250000 		 Average Reward : 218.2
Episode : 2509 		 Timestep : 251000 		 Average Reward : 215.8
Episode : 2519 		 Timestep : 252000 		 Average Reward : 206.3
Episode : 2529 		 Timestep : 253000 		 Average Reward : 199.5
Episode : 2539 		 Timestep : 254000 		 Average Reward : 215.6
Episode : 2549 		 Timestep : 255000 		 Average Reward : 166.8
Episode : 2559 		 Timestep : 256000 		 Average Reward : 203.3
Episode : 2569 		 Timestep : 257000 		 Average Reward : 176.2
Episode : 2579 		 Timestep : 258000 		 Average Reward : 198.8
Episode : 2589 		 Timestep : 259000 		 Average Reward : 166.5
Episode : 2599 		 Timestep : 260000 		 Average Reward : 184.6
Episode : 2609 		 Timestep : 261000 		 Average Reward : 201.5
Episode : 2619 		 Timestep : 262000 		 Average Reward : 231.3
Episode : 2629 		 Timestep : 263000 		 Average Reward : 205.5
Episode : 2639 		 Timestep : 264000 		 Average Reward : 221.6
Episode : 2649 		 Timestep : 265000 		 Average Reward : 231.3
Episode : 2659 		 Timestep : 266000 		 Average Reward : 230.4
Episode : 2669 		 Timestep : 267000 		 Average Reward : 213.5
Episode : 2679 		 Timestep : 268000 		 Average Reward : 246.0
Episode : 2689 		 Timestep : 269000 		 Average Reward : 209.3
Episode : 2699 		 Timestep : 270000 		 Average Reward : 227.9
Episode : 2709 		 Timestep : 271000 		 Average Reward : 257.9
Episode : 2719 		 Timestep : 272000 		 Average Reward : 210.0
Episode : 2729 		 Timestep : 273000 		 Average Reward : 228.8
Episode : 2739 		 Timestep : 274000 		 Average Reward : 273.8
Episode : 2749 		 Timestep : 275000 		 Average Reward : 237.8
Episode : 2759 		 Timestep : 276000 		 Average Reward : 228.6
Episode : 2769 		 Timestep : 277000 		 Average Reward : 255.8
Episode : 2779 		 Timestep : 278000 		 Average Reward : 225.5
Episode : 2789 		 Timestep : 279000 		 Average Reward : 184.6
Episode : 2799 		 Timestep : 280000 		 Average Reward : 207.2
Episode : 2809 		 Timestep : 281000 		 Average Reward : 184.1
Episode : 2819 		 Timestep : 282000 		 Average Reward : 212.8
Episode : 2829 		 Timestep : 283000 		 Average Reward : 207.5
Episode : 2839 		 Timestep : 284000 		 Average Reward : 209.3
Episode : 2849 		 Timestep : 285000 		 Average Reward : 192.2
Episode : 2859 		 Timestep : 286000 		 Average Reward : 211.1
Episode : 2869 		 Timestep : 287000 		 Average Reward : 217.3
Episode : 2879 		 Timestep : 288000 		 Average Reward : 202.6
Episode : 2889 		 Timestep : 289000 		 Average Reward : 185.2
Episode : 2899 		 Timestep : 290000 		 Average Reward : 204.7
Episode : 2909 		 Timestep : 291000 		 Average Reward : 190.0
Episode : 2919 		 Timestep : 292000 		 Average Reward : 205.3
Episode : 2929 		 Timestep : 293000 		 Average Reward : 221.5
Episode : 2939 		 Timestep : 294000 		 Average Reward : 212.4
Episode : 2949 		 Timestep : 295000 		 Average Reward : 182.4
Episode : 2959 		 Timestep : 296000 		 Average Reward : 203.2
Episode : 2969 		 Timestep : 297000 		 Average Reward : 198.9
Episode : 2979 		 Timestep : 298000 		 Average Reward : 210.1
Episode : 2989 		 Timestep : 299000 		 Average Reward : 180.5
Episode : 2999 		 Timestep : 300000 		 Average Reward : 219.8
--------------------------------------------------------------------------------------------
saving model at : PPO_preTrained/multigrid-covering-v0/PPO_multigrid-covering-v0_0_0.pth
model saved
Elapsed Time  :  4:51:57
--------------------------------------------------------------------------------------------
Episode : 3009 		 Timestep : 301000 		 Average Reward : 183.4
Episode : 3019 		 Timestep : 302000 		 Average Reward : 201.7
Episode : 3029 		 Timestep : 303000 		 Average Reward : 207.7
Episode : 3039 		 Timestep : 304000 		 Average Reward : 229.5
Episode : 3049 		 Timestep : 305000 		 Average Reward : 233.9
Episode : 3059 		 Timestep : 306000 		 Average Reward : 228.9
Episode : 3069 		 Timestep : 307000 		 Average Reward : 213.9
Episode : 3079 		 Timestep : 308000 		 Average Reward : 244.1
Episode : 3089 		 Timestep : 309000 		 Average Reward : 202.7
Episode : 3099 		 Timestep : 310000 		 Average Reward : 204.2
Episode : 3109 		 Timestep : 311000 		 Average Reward : 219.4
Episode : 3119 		 Timestep : 312000 		 Average Reward : 191.5
Episode : 3129 		 Timestep : 313000 		 Average Reward : 225.1
Episode : 3139 		 Timestep : 314000 		 Average Reward : 200.3
Episode : 3149 		 Timestep : 315000 		 Average Reward : 191.0
Episode : 3159 		 Timestep : 316000 		 Average Reward : 229.9
Episode : 3169 		 Timestep : 317000 		 Average Reward : 218.4
Episode : 3179 		 Timestep : 318000 		 Average Reward : 243.9
Episode : 3189 		 Timestep : 319000 		 Average Reward : 228.8
Episode : 3199 		 Timestep : 320000 		 Average Reward : 249.6
Episode : 3209 		 Timestep : 321000 		 Average Reward : 196.2
Episode : 3219 		 Timestep : 322000 		 Average Reward : 231.3
Episode : 3229 		 Timestep : 323000 		 Average Reward : 180.3
Episode : 3239 		 Timestep : 324000 		 Average Reward : 228.3
Episode : 3249 		 Timestep : 325000 		 Average Reward : 228.8
Episode : 3259 		 Timestep : 326000 		 Average Reward : 212.7
Episode : 3269 		 Timestep : 327000 		 Average Reward : 261.5
Episode : 3279 		 Timestep : 328000 		 Average Reward : 187.3
Episode : 3289 		 Timestep : 329000 		 Average Reward : 203.8
Episode : 3299 		 Timestep : 330000 		 Average Reward : 225.5
Episode : 3309 		 Timestep : 331000 		 Average Reward : 216.9
Episode : 3319 		 Timestep : 332000 		 Average Reward : 193.8
Episode : 3329 		 Timestep : 333000 		 Average Reward : 247.1
Episode : 3339 		 Timestep : 334000 		 Average Reward : 223.1
Episode : 3349 		 Timestep : 335000 		 Average Reward : 159.3
Episode : 3359 		 Timestep : 336000 		 Average Reward : 184.6
Episode : 3369 		 Timestep : 337000 		 Average Reward : 173.0
Episode : 3379 		 Timestep : 338000 		 Average Reward : 246.0
Episode : 3389 		 Timestep : 339000 		 Average Reward : 240.7
Episode : 3399 		 Timestep : 340000 		 Average Reward : 204.3
Episode : 3409 		 Timestep : 341000 		 Average Reward : 202.3
Episode : 3419 		 Timestep : 342000 		 Average Reward : 212.3
Episode : 3429 		 Timestep : 343000 		 Average Reward : 217.9
Episode : 3439 		 Timestep : 344000 		 Average Reward : 216.3
Episode : 3449 		 Timestep : 345000 		 Average Reward : 226.7
Episode : 3459 		 Timestep : 346000 		 Average Reward : 220.8
Episode : 3469 		 Timestep : 347000 		 Average Reward : 230.0
Episode : 3479 		 Timestep : 348000 		 Average Reward : 202.0
Episode : 3489 		 Timestep : 349000 		 Average Reward : 193.1
Episode : 3499 		 Timestep : 350000 		 Average Reward : 176.0
Episode : 3509 		 Timestep : 351000 		 Average Reward : 229.3
Episode : 3519 		 Timestep : 352000 		 Average Reward : 271.7
Episode : 3529 		 Timestep : 353000 		 Average Reward : 232.8
Episode : 3539 		 Timestep : 354000 		 Average Reward : 218.2
Episode : 3549 		 Timestep : 355000 		 Average Reward : 224.8
Episode : 3559 		 Timestep : 356000 		 Average Reward : 224.1
Episode : 3569 		 Timestep : 357000 		 Average Reward : 201.0
Episode : 3579 		 Timestep : 358000 		 Average Reward : 227.9
Episode : 3589 		 Timestep : 359000 		 Average Reward : 226.8
Episode : 3599 		 Timestep : 360000 		 Average Reward : 234.6
Episode : 3609 		 Timestep : 361000 		 Average Reward : 228.4
Episode : 3619 		 Timestep : 362000 		 Average Reward : 205.6
Episode : 3629 		 Timestep : 363000 		 Average Reward : 253.8
Episode : 3639 		 Timestep : 364000 		 Average Reward : 251.8
Episode : 3649 		 Timestep : 365000 		 Average Reward : 226.5
Episode : 3659 		 Timestep : 366000 		 Average Reward : 226.2
Episode : 3669 		 Timestep : 367000 		 Average Reward : 247.0
Episode : 3679 		 Timestep : 368000 		 Average Reward : 222.1
Episode : 3689 		 Timestep : 369000 		 Average Reward : 247.8
Episode : 3699 		 Timestep : 370000 		 Average Reward : 259.2
Episode : 3709 		 Timestep : 371000 		 Average Reward : 231.9
Episode : 3719 		 Timestep : 372000 		 Average Reward : 223.7
Episode : 3729 		 Timestep : 373000 		 Average Reward : 255.4
Episode : 3739 		 Timestep : 374000 		 Average Reward : 208.1
Episode : 3749 		 Timestep : 375000 		 Average Reward : 221.2
Episode : 3759 		 Timestep : 376000 		 Average Reward : 190.5
Episode : 3769 		 Timestep : 377000 		 Average Reward : 230.7
Episode : 3779 		 Timestep : 378000 		 Average Reward : 240.5
Episode : 3789 		 Timestep : 379000 		 Average Reward : 244.3
Episode : 3799 		 Timestep : 380000 		 Average Reward : 221.0
Episode : 3809 		 Timestep : 381000 		 Average Reward : 251.1
Episode : 3819 		 Timestep : 382000 		 Average Reward : 218.9
Episode : 3829 		 Timestep : 383000 		 Average Reward : 198.5
Episode : 3839 		 Timestep : 384000 		 Average Reward : 241.3
Episode : 3849 		 Timestep : 385000 		 Average Reward : 224.1
Episode : 3859 		 Timestep : 386000 		 Average Reward : 246.1
Episode : 3869 		 Timestep : 387000 		 Average Reward : 190.7
Episode : 3879 		 Timestep : 388000 		 Average Reward : 201.3
Episode : 3889 		 Timestep : 389000 		 Average Reward : 231.1
Episode : 3899 		 Timestep : 390000 		 Average Reward : 187.2
Episode : 3909 		 Timestep : 391000 		 Average Reward : 200.7
Episode : 3919 		 Timestep : 392000 		 Average Reward : 215.5
Episode : 3929 		 Timestep : 393000 		 Average Reward : 220.3
Episode : 3939 		 Timestep : 394000 		 Average Reward : 178.9
Episode : 3949 		 Timestep : 395000 		 Average Reward : 207.1
Episode : 3959 		 Timestep : 396000 		 Average Reward : 194.9
Episode : 3969 		 Timestep : 397000 		 Average Reward : 217.0
Episode : 3979 		 Timestep : 398000 		 Average Reward : 240.0
Episode : 3989 		 Timestep : 399000 		 Average Reward : 225.6
Episode : 3999 		 Timestep : 400000 		 Average Reward : 176.9
--------------------------------------------------------------------------------------------
saving model at : PPO_preTrained/multigrid-covering-v0/PPO_multigrid-covering-v0_0_0.pth
model saved
Elapsed Time  :  5:50:36
--------------------------------------------------------------------------------------------
Episode : 4009 		 Timestep : 401000 		 Average Reward : 207.1
Episode : 4019 		 Timestep : 402000 		 Average Reward : 212.7
Episode : 4029 		 Timestep : 403000 		 Average Reward : 259.9
Episode : 4039 		 Timestep : 404000 		 Average Reward : 213.5
Episode : 4049 		 Timestep : 405000 		 Average Reward : 200.0
Episode : 4059 		 Timestep : 406000 		 Average Reward : 237.7
Episode : 4069 		 Timestep : 407000 		 Average Reward : 241.3
Episode : 4079 		 Timestep : 408000 		 Average Reward : 201.7
Episode : 4089 		 Timestep : 409000 		 Average Reward : 214.6
Episode : 4099 		 Timestep : 410000 		 Average Reward : 227.4
Episode : 4109 		 Timestep : 411000 		 Average Reward : 221.9
Episode : 4119 		 Timestep : 412000 		 Average Reward : 214.5
Episode : 4129 		 Timestep : 413000 		 Average Reward : 190.7
Episode : 4139 		 Timestep : 414000 		 Average Reward : 204.5
Episode : 4149 		 Timestep : 415000 		 Average Reward : 222.8
Episode : 4159 		 Timestep : 416000 		 Average Reward : 240.2
Episode : 4169 		 Timestep : 417000 		 Average Reward : 209.1
Episode : 4179 		 Timestep : 418000 		 Average Reward : 216.4
Episode : 4189 		 Timestep : 419000 		 Average Reward : 174.6
Episode : 4199 		 Timestep : 420000 		 Average Reward : 204.4
Episode : 4209 		 Timestep : 421000 		 Average Reward : 206.9
Episode : 4219 		 Timestep : 422000 		 Average Reward : 183.4
Episode : 4229 		 Timestep : 423000 		 Average Reward : 191.4
Episode : 4239 		 Timestep : 424000 		 Average Reward : 225.7
Episode : 4249 		 Timestep : 425000 		 Average Reward : 166.5
Episode : 4259 		 Timestep : 426000 		 Average Reward : 235.4
Episode : 4269 		 Timestep : 427000 		 Average Reward : 222.9
Episode : 4279 		 Timestep : 428000 		 Average Reward : 202.6
Episode : 4289 		 Timestep : 429000 		 Average Reward : 185.3
Episode : 4299 		 Timestep : 430000 		 Average Reward : 230.9
Episode : 4309 		 Timestep : 431000 		 Average Reward : 163.0
Episode : 4319 		 Timestep : 432000 		 Average Reward : 214.0
Episode : 4329 		 Timestep : 433000 		 Average Reward : 215.8
Episode : 4339 		 Timestep : 434000 		 Average Reward : 210.8
Episode : 4349 		 Timestep : 435000 		 Average Reward : 210.6
Episode : 4359 		 Timestep : 436000 		 Average Reward : 228.8
Episode : 4369 		 Timestep : 437000 		 Average Reward : 205.3
Episode : 4379 		 Timestep : 438000 		 Average Reward : 197.5
Episode : 4389 		 Timestep : 439000 		 Average Reward : 222.1
Episode : 4399 		 Timestep : 440000 		 Average Reward : 231.2
Episode : 4409 		 Timestep : 441000 		 Average Reward : 162.5
Episode : 4419 		 Timestep : 442000 		 Average Reward : 193.5
Episode : 4429 		 Timestep : 443000 		 Average Reward : 221.6
Episode : 4439 		 Timestep : 444000 		 Average Reward : 197.9
Episode : 4449 		 Timestep : 445000 		 Average Reward : 171.7
Episode : 4459 		 Timestep : 446000 		 Average Reward : 208.5
Episode : 4469 		 Timestep : 447000 		 Average Reward : 205.7
Episode : 4479 		 Timestep : 448000 		 Average Reward : 186.2
Episode : 4489 		 Timestep : 449000 		 Average Reward : 192.1
Episode : 4499 		 Timestep : 450000 		 Average Reward : 211.6
Episode : 4509 		 Timestep : 451000 		 Average Reward : 206.2
Episode : 4519 		 Timestep : 452000 		 Average Reward : 194.1
Episode : 4529 		 Timestep : 453000 		 Average Reward : 190.1
Episode : 4539 		 Timestep : 454000 		 Average Reward : 209.4
Episode : 4549 		 Timestep : 455000 		 Average Reward : 193.0
Episode : 4559 		 Timestep : 456000 		 Average Reward : 162.0
Episode : 4569 		 Timestep : 457000 		 Average Reward : 169.6
Episode : 4579 		 Timestep : 458000 		 Average Reward : 218.7
Episode : 4589 		 Timestep : 459000 		 Average Reward : 207.0
Episode : 4599 		 Timestep : 460000 		 Average Reward : 182.0
Episode : 4609 		 Timestep : 461000 		 Average Reward : 197.8
Episode : 4619 		 Timestep : 462000 		 Average Reward : 178.9
Episode : 4629 		 Timestep : 463000 		 Average Reward : 178.3
Episode : 4639 		 Timestep : 464000 		 Average Reward : 228.5
Episode : 4649 		 Timestep : 465000 		 Average Reward : 182.6
Episode : 4659 		 Timestep : 466000 		 Average Reward : 189.9
Episode : 4669 		 Timestep : 467000 		 Average Reward : 175.4
Episode : 4679 		 Timestep : 468000 		 Average Reward : 222.3
Episode : 4689 		 Timestep : 469000 		 Average Reward : 172.1
Episode : 4699 		 Timestep : 470000 		 Average Reward : 207.1
Episode : 4709 		 Timestep : 471000 		 Average Reward : 218.9
Episode : 4719 		 Timestep : 472000 		 Average Reward : 236.6
Episode : 4729 		 Timestep : 473000 		 Average Reward : 223.5
Episode : 4739 		 Timestep : 474000 		 Average Reward : 228.1
Episode : 4749 		 Timestep : 475000 		 Average Reward : 196.4
Episode : 4759 		 Timestep : 476000 		 Average Reward : 210.6
Episode : 4769 		 Timestep : 477000 		 Average Reward : 236.9
Episode : 4779 		 Timestep : 478000 		 Average Reward : 208.9
Episode : 4789 		 Timestep : 479000 		 Average Reward : 217.2
Episode : 4799 		 Timestep : 480000 		 Average Reward : 206.7
Episode : 4809 		 Timestep : 481000 		 Average Reward : 228.3
Episode : 4819 		 Timestep : 482000 		 Average Reward : 209.8
Episode : 4829 		 Timestep : 483000 		 Average Reward : 210.6
Episode : 4839 		 Timestep : 484000 		 Average Reward : 225.7
Episode : 4849 		 Timestep : 485000 		 Average Reward : 205.7
Episode : 4859 		 Timestep : 486000 		 Average Reward : 251.9
Episode : 4869 		 Timestep : 487000 		 Average Reward : 215.7
Episode : 4879 		 Timestep : 488000 		 Average Reward : 202.8
Episode : 4889 		 Timestep : 489000 		 Average Reward : 243.2
Episode : 4899 		 Timestep : 490000 		 Average Reward : 217.6
Episode : 4909 		 Timestep : 491000 		 Average Reward : 201.7
Episode : 4919 		 Timestep : 492000 		 Average Reward : 200.7
Episode : 4929 		 Timestep : 493000 		 Average Reward : 218.3
Episode : 4939 		 Timestep : 494000 		 Average Reward : 227.6
Episode : 4949 		 Timestep : 495000 		 Average Reward : 227.1
Episode : 4959 		 Timestep : 496000 		 Average Reward : 206.3
Episode : 4969 		 Timestep : 497000 		 Average Reward : 220.4
Episode : 4979 		 Timestep : 498000 		 Average Reward : 200.4
Episode : 4989 		 Timestep : 499000 		 Average Reward : 208.8
Episode : 4999 		 Timestep : 500000 		 Average Reward : 207.5
--------------------------------------------------------------------------------------------
saving model at : PPO_preTrained/multigrid-covering-v0/PPO_multigrid-covering-v0_0_0.pth
model saved
Elapsed Time  :  8:09:12
--------------------------------------------------------------------------------------------
Episode : 5009 		 Timestep : 501000 		 Average Reward : 228.5
Episode : 5019 		 Timestep : 502000 		 Average Reward : 228.2
Episode : 5029 		 Timestep : 503000 		 Average Reward : 244.9
Episode : 5039 		 Timestep : 504000 		 Average Reward : 164.8
Episode : 5049 		 Timestep : 505000 		 Average Reward : 226.5
Episode : 5059 		 Timestep : 506000 		 Average Reward : 205.2
Episode : 5069 		 Timestep : 507000 		 Average Reward : 234.6
Episode : 5079 		 Timestep : 508000 		 Average Reward : 227.5
Episode : 5089 		 Timestep : 509000 		 Average Reward : 220.5
Episode : 5099 		 Timestep : 510000 		 Average Reward : 222.3
Episode : 5109 		 Timestep : 511000 		 Average Reward : 210.1
Episode : 5119 		 Timestep : 512000 		 Average Reward : 206.8
Episode : 5129 		 Timestep : 513000 		 Average Reward : 197.6
Episode : 5139 		 Timestep : 514000 		 Average Reward : 180.3
Episode : 5149 		 Timestep : 515000 		 Average Reward : 172.7
Episode : 5159 		 Timestep : 516000 		 Average Reward : 185.2
Episode : 5169 		 Timestep : 517000 		 Average Reward : 152.9
Episode : 5179 		 Timestep : 518000 		 Average Reward : 163.8
Episode : 5189 		 Timestep : 519000 		 Average Reward : 187.2
Episode : 5199 		 Timestep : 520000 		 Average Reward : 177.3
Episode : 5209 		 Timestep : 521000 		 Average Reward : 206.5
Episode : 5219 		 Timestep : 522000 		 Average Reward : 151.0
Episode : 5229 		 Timestep : 523000 		 Average Reward : 206.9
Episode : 5239 		 Timestep : 524000 		 Average Reward : 224.5
Episode : 5249 		 Timestep : 525000 		 Average Reward : 218.4
Episode : 5259 		 Timestep : 526000 		 Average Reward : 155.1
Episode : 5269 		 Timestep : 527000 		 Average Reward : 203.4
Episode : 5279 		 Timestep : 528000 		 Average Reward : 196.2
Episode : 5289 		 Timestep : 529000 		 Average Reward : 222.5
Episode : 5299 		 Timestep : 530000 		 Average Reward : 173.0
Episode : 5309 		 Timestep : 531000 		 Average Reward : 210.2
Episode : 5319 		 Timestep : 532000 		 Average Reward : 224.2
Episode : 5329 		 Timestep : 533000 		 Average Reward : 198.6
Episode : 5339 		 Timestep : 534000 		 Average Reward : 212.1
Episode : 5349 		 Timestep : 535000 		 Average Reward : 221.9
Episode : 5359 		 Timestep : 536000 		 Average Reward : 243.0
Episode : 5369 		 Timestep : 537000 		 Average Reward : 237.9
Episode : 5379 		 Timestep : 538000 		 Average Reward : 232.2
Episode : 5389 		 Timestep : 539000 		 Average Reward : 228.9
Episode : 5399 		 Timestep : 540000 		 Average Reward : 216.1
Episode : 5409 		 Timestep : 541000 		 Average Reward : 234.5
Episode : 5419 		 Timestep : 542000 		 Average Reward : 218.2
Episode : 5429 		 Timestep : 543000 		 Average Reward : 226.3
Episode : 5439 		 Timestep : 544000 		 Average Reward : 180.3
Episode : 5449 		 Timestep : 545000 		 Average Reward : 214.8
Episode : 5459 		 Timestep : 546000 		 Average Reward : 225.3
Episode : 5469 		 Timestep : 547000 		 Average Reward : 225.2
Episode : 5479 		 Timestep : 548000 		 Average Reward : 193.9
Episode : 5489 		 Timestep : 549000 		 Average Reward : 249.5
Episode : 5499 		 Timestep : 550000 		 Average Reward : 201.3
Episode : 5509 		 Timestep : 551000 		 Average Reward : 243.2
Episode : 5519 		 Timestep : 552000 		 Average Reward : 212.4
Episode : 5529 		 Timestep : 553000 		 Average Reward : 254.6
Episode : 5539 		 Timestep : 554000 		 Average Reward : 202.7
Episode : 5549 		 Timestep : 555000 		 Average Reward : 252.8
Episode : 5559 		 Timestep : 556000 		 Average Reward : 212.6
Episode : 5569 		 Timestep : 557000 		 Average Reward : 221.8
Episode : 5579 		 Timestep : 558000 		 Average Reward : 211.3
Episode : 5589 		 Timestep : 559000 		 Average Reward : 242.2
Episode : 5599 		 Timestep : 560000 		 Average Reward : 226.3
Episode : 5609 		 Timestep : 561000 		 Average Reward : 200.5
Episode : 5619 		 Timestep : 562000 		 Average Reward : 231.6
Episode : 5629 		 Timestep : 563000 		 Average Reward : 198.6
Episode : 5639 		 Timestep : 564000 		 Average Reward : 216.5
Episode : 5649 		 Timestep : 565000 		 Average Reward : 197.3
Episode : 5659 		 Timestep : 566000 		 Average Reward : 219.3
Episode : 5669 		 Timestep : 567000 		 Average Reward : 177.2
Episode : 5679 		 Timestep : 568000 		 Average Reward : 203.5
Episode : 5689 		 Timestep : 569000 		 Average Reward : 238.6
Episode : 5699 		 Timestep : 570000 		 Average Reward : 239.8
Episode : 5709 		 Timestep : 571000 		 Average Reward : 210.8
Episode : 5719 		 Timestep : 572000 		 Average Reward : 182.0
Episode : 5729 		 Timestep : 573000 		 Average Reward : 213.0
Episode : 5739 		 Timestep : 574000 		 Average Reward : 226.4
Episode : 5749 		 Timestep : 575000 		 Average Reward : 178.2
Episode : 5759 		 Timestep : 576000 		 Average Reward : 184.8
Episode : 5769 		 Timestep : 577000 		 Average Reward : 197.6
Episode : 5779 		 Timestep : 578000 		 Average Reward : 204.7
Episode : 5789 		 Timestep : 579000 		 Average Reward : 205.9
Episode : 5799 		 Timestep : 580000 		 Average Reward : 195.0
Episode : 5809 		 Timestep : 581000 		 Average Reward : 199.4
Episode : 5819 		 Timestep : 582000 		 Average Reward : 212.2
Episode : 5829 		 Timestep : 583000 		 Average Reward : 212.0
Episode : 5839 		 Timestep : 584000 		 Average Reward : 209.5
Episode : 5849 		 Timestep : 585000 		 Average Reward : 220.0
Episode : 5859 		 Timestep : 586000 		 Average Reward : 194.7
Episode : 5869 		 Timestep : 587000 		 Average Reward : 214.1
Episode : 5879 		 Timestep : 588000 		 Average Reward : 238.9
Episode : 5889 		 Timestep : 589000 		 Average Reward : 223.9
Episode : 5899 		 Timestep : 590000 		 Average Reward : 194.0
Episode : 5909 		 Timestep : 591000 		 Average Reward : 230.2
Episode : 5919 		 Timestep : 592000 		 Average Reward : 196.5
Episode : 5929 		 Timestep : 593000 		 Average Reward : 232.4
Episode : 5939 		 Timestep : 594000 		 Average Reward : 236.6
Episode : 5949 		 Timestep : 595000 		 Average Reward : 246.8
Episode : 5959 		 Timestep : 596000 		 Average Reward : 190.8
Episode : 5969 		 Timestep : 597000 		 Average Reward : 266.8
Episode : 5979 		 Timestep : 598000 		 Average Reward : 247.6
Episode : 5989 		 Timestep : 599000 		 Average Reward : 218.1
Episode : 5999 		 Timestep : 600000 		 Average Reward : 233.5
--------------------------------------------------------------------------------------------
saving model at : PPO_preTrained/multigrid-covering-v0/PPO_multigrid-covering-v0_0_0.pth
model saved
Elapsed Time  :  8:39:58
--------------------------------------------------------------------------------------------
Episode : 6009 		 Timestep : 601000 		 Average Reward : 206.4
Episode : 6019 		 Timestep : 602000 		 Average Reward : 258.1
Episode : 6029 		 Timestep : 603000 		 Average Reward : 227.7
Episode : 6039 		 Timestep : 604000 		 Average Reward : 199.8
Episode : 6049 		 Timestep : 605000 		 Average Reward : 220.6
Episode : 6059 		 Timestep : 606000 		 Average Reward : 252.3
Episode : 6069 		 Timestep : 607000 		 Average Reward : 208.6
Episode : 6079 		 Timestep : 608000 		 Average Reward : 260.7
Episode : 6089 		 Timestep : 609000 		 Average Reward : 221.6
Episode : 6099 		 Timestep : 610000 		 Average Reward : 228.7
Episode : 6109 		 Timestep : 611000 		 Average Reward : 251.6
Episode : 6119 		 Timestep : 612000 		 Average Reward : 251.8
Episode : 6129 		 Timestep : 613000 		 Average Reward : 295.0
Episode : 6139 		 Timestep : 614000 		 Average Reward : 232.1
Episode : 6149 		 Timestep : 615000 		 Average Reward : 233.7
Episode : 6159 		 Timestep : 616000 		 Average Reward : 254.1
Episode : 6169 		 Timestep : 617000 		 Average Reward : 237.0
Episode : 6179 		 Timestep : 618000 		 Average Reward : 227.8
Episode : 6189 		 Timestep : 619000 		 Average Reward : 216.4
Episode : 6199 		 Timestep : 620000 		 Average Reward : 206.6
Episode : 6209 		 Timestep : 621000 		 Average Reward : 233.5
Episode : 6219 		 Timestep : 622000 		 Average Reward : 216.1
Episode : 6229 		 Timestep : 623000 		 Average Reward : 224.7
Episode : 6239 		 Timestep : 624000 		 Average Reward : 219.5
Episode : 6249 		 Timestep : 625000 		 Average Reward : 224.0
Episode : 6259 		 Timestep : 626000 		 Average Reward : 229.8
Episode : 6269 		 Timestep : 627000 		 Average Reward : 199.5
Episode : 6279 		 Timestep : 628000 		 Average Reward : 199.7
Episode : 6289 		 Timestep : 629000 		 Average Reward : 190.2
Episode : 6299 		 Timestep : 630000 		 Average Reward : 196.1
Episode : 6309 		 Timestep : 631000 		 Average Reward : 212.4
Episode : 6319 		 Timestep : 632000 		 Average Reward : 207.3
Episode : 6329 		 Timestep : 633000 		 Average Reward : 209.1
Episode : 6339 		 Timestep : 634000 		 Average Reward : 190.1
Episode : 6349 		 Timestep : 635000 		 Average Reward : 187.9
Episode : 6359 		 Timestep : 636000 		 Average Reward : 175.1
Episode : 6369 		 Timestep : 637000 		 Average Reward : 223.1
Episode : 6379 		 Timestep : 638000 		 Average Reward : 216.5
Episode : 6389 		 Timestep : 639000 		 Average Reward : 164.4
Episode : 6399 		 Timestep : 640000 		 Average Reward : 222.8
Episode : 6409 		 Timestep : 641000 		 Average Reward : 209.6
Episode : 6419 		 Timestep : 642000 		 Average Reward : 245.1
Episode : 6429 		 Timestep : 643000 		 Average Reward : 223.5
Episode : 6439 		 Timestep : 644000 		 Average Reward : 259.3
Episode : 6449 		 Timestep : 645000 		 Average Reward : 219.2
Episode : 6459 		 Timestep : 646000 		 Average Reward : 233.3
Episode : 6469 		 Timestep : 647000 		 Average Reward : 223.2
Episode : 6479 		 Timestep : 648000 		 Average Reward : 194.2
Episode : 6489 		 Timestep : 649000 		 Average Reward : 199.9
Episode : 6499 		 Timestep : 650000 		 Average Reward : 208.8
Episode : 6509 		 Timestep : 651000 		 Average Reward : 231.0
Episode : 6519 		 Timestep : 652000 		 Average Reward : 211.0
Episode : 6529 		 Timestep : 653000 		 Average Reward : 211.1
Episode : 6539 		 Timestep : 654000 		 Average Reward : 211.5
Episode : 6549 		 Timestep : 655000 		 Average Reward : 247.2
Episode : 6559 		 Timestep : 656000 		 Average Reward : 222.7
Episode : 6569 		 Timestep : 657000 		 Average Reward : 235.0
Episode : 6579 		 Timestep : 658000 		 Average Reward : 215.5
Episode : 6589 		 Timestep : 659000 		 Average Reward : 217.0
Episode : 6599 		 Timestep : 660000 		 Average Reward : 172.1
Episode : 6609 		 Timestep : 661000 		 Average Reward : 178.6
Episode : 6619 		 Timestep : 662000 		 Average Reward : 244.8
Episode : 6629 		 Timestep : 663000 		 Average Reward : 212.1
Episode : 6639 		 Timestep : 664000 		 Average Reward : 201.1
Episode : 6649 		 Timestep : 665000 		 Average Reward : 222.5
Episode : 6659 		 Timestep : 666000 		 Average Reward : 179.8
Episode : 6669 		 Timestep : 667000 		 Average Reward : 183.1
Episode : 6679 		 Timestep : 668000 		 Average Reward : 215.0
Episode : 6689 		 Timestep : 669000 		 Average Reward : 203.3
Episode : 6699 		 Timestep : 670000 		 Average Reward : 220.4
Episode : 6709 		 Timestep : 671000 		 Average Reward : 201.6
Episode : 6719 		 Timestep : 672000 		 Average Reward : 180.2
Episode : 6729 		 Timestep : 673000 		 Average Reward : 203.8
Episode : 6739 		 Timestep : 674000 		 Average Reward : 245.5
Episode : 6749 		 Timestep : 675000 		 Average Reward : 207.5
Episode : 6759 		 Timestep : 676000 		 Average Reward : 215.7
Episode : 6769 		 Timestep : 677000 		 Average Reward : 248.8
Episode : 6779 		 Timestep : 678000 		 Average Reward : 238.3
Episode : 6789 		 Timestep : 679000 		 Average Reward : 204.1
Episode : 6799 		 Timestep : 680000 		 Average Reward : 190.8
Episode : 6809 		 Timestep : 681000 		 Average Reward : 205.8
Episode : 6819 		 Timestep : 682000 		 Average Reward : 230.8
Episode : 6829 		 Timestep : 683000 		 Average Reward : 236.9
Episode : 6839 		 Timestep : 684000 		 Average Reward : 194.1
Episode : 6849 		 Timestep : 685000 		 Average Reward : 233.8
Episode : 6859 		 Timestep : 686000 		 Average Reward : 216.7
Episode : 6869 		 Timestep : 687000 		 Average Reward : 193.4
Episode : 6879 		 Timestep : 688000 		 Average Reward : 219.2
Episode : 6889 		 Timestep : 689000 		 Average Reward : 173.4
Episode : 6899 		 Timestep : 690000 		 Average Reward : 261.3
Episode : 6909 		 Timestep : 691000 		 Average Reward : 256.9
Episode : 6919 		 Timestep : 692000 		 Average Reward : 250.4
Episode : 6929 		 Timestep : 693000 		 Average Reward : 266.2
Episode : 6939 		 Timestep : 694000 		 Average Reward : 205.0
Episode : 6949 		 Timestep : 695000 		 Average Reward : 184.0
Episode : 6959 		 Timestep : 696000 		 Average Reward : 216.3
Episode : 6969 		 Timestep : 697000 		 Average Reward : 221.2
Episode : 6979 		 Timestep : 698000 		 Average Reward : 243.7
Episode : 6989 		 Timestep : 699000 		 Average Reward : 228.8
Episode : 6999 		 Timestep : 700000 		 Average Reward : 238.9
--------------------------------------------------------------------------------------------
saving model at : PPO_preTrained/multigrid-covering-v0/PPO_multigrid-covering-v0_0_0.pth
model saved
Elapsed Time  :  9:51:37
--------------------------------------------------------------------------------------------
Episode : 7009 		 Timestep : 701000 		 Average Reward : 248.7
Episode : 7019 		 Timestep : 702000 		 Average Reward : 217.6
Episode : 7029 		 Timestep : 703000 		 Average Reward : 237.4
Episode : 7039 		 Timestep : 704000 		 Average Reward : 248.2
Episode : 7049 		 Timestep : 705000 		 Average Reward : 210.0
Episode : 7059 		 Timestep : 706000 		 Average Reward : 208.4
Episode : 7069 		 Timestep : 707000 		 Average Reward : 212.7
Episode : 7079 		 Timestep : 708000 		 Average Reward : 220.8
Episode : 7089 		 Timestep : 709000 		 Average Reward : 205.3
Episode : 7099 		 Timestep : 710000 		 Average Reward : 245.7
Episode : 7109 		 Timestep : 711000 		 Average Reward : 220.3
Episode : 7119 		 Timestep : 712000 		 Average Reward : 188.9
Episode : 7129 		 Timestep : 713000 		 Average Reward : 222.4
Episode : 7139 		 Timestep : 714000 		 Average Reward : 232.6
Episode : 7149 		 Timestep : 715000 		 Average Reward : 193.9
Episode : 7159 		 Timestep : 716000 		 Average Reward : 212.4
Episode : 7169 		 Timestep : 717000 		 Average Reward : 213.0
Episode : 7179 		 Timestep : 718000 		 Average Reward : 204.0
Episode : 7189 		 Timestep : 719000 		 Average Reward : 154.1
Episode : 7199 		 Timestep : 720000 		 Average Reward : 189.6
Episode : 7209 		 Timestep : 721000 		 Average Reward : 202.6
Episode : 7219 		 Timestep : 722000 		 Average Reward : 237.4
Episode : 7229 		 Timestep : 723000 		 Average Reward : 207.7
Episode : 7239 		 Timestep : 724000 		 Average Reward : 225.6
Episode : 7249 		 Timestep : 725000 		 Average Reward : 207.3
Episode : 7259 		 Timestep : 726000 		 Average Reward : 245.9
Episode : 7269 		 Timestep : 727000 		 Average Reward : 193.7
Episode : 7279 		 Timestep : 728000 		 Average Reward : 194.5
Episode : 7289 		 Timestep : 729000 		 Average Reward : 232.3
Episode : 7299 		 Timestep : 730000 		 Average Reward : 199.5
Episode : 7309 		 Timestep : 731000 		 Average Reward : 231.6
Episode : 7319 		 Timestep : 732000 		 Average Reward : 192.5
Episode : 7329 		 Timestep : 733000 		 Average Reward : 148.9
Episode : 7339 		 Timestep : 734000 		 Average Reward : 223.5
Episode : 7349 		 Timestep : 735000 		 Average Reward : 193.8
Episode : 7359 		 Timestep : 736000 		 Average Reward : 228.6
Episode : 7369 		 Timestep : 737000 		 Average Reward : 187.8
Episode : 7379 		 Timestep : 738000 		 Average Reward : 227.6
Episode : 7389 		 Timestep : 739000 		 Average Reward : 182.6
Episode : 7399 		 Timestep : 740000 		 Average Reward : 202.9
Episode : 7409 		 Timestep : 741000 		 Average Reward : 212.6
Episode : 7419 		 Timestep : 742000 		 Average Reward : 217.7
Episode : 7429 		 Timestep : 743000 		 Average Reward : 208.2
Episode : 7439 		 Timestep : 744000 		 Average Reward : 206.1
Episode : 7449 		 Timestep : 745000 		 Average Reward : 221.3
Episode : 7459 		 Timestep : 746000 		 Average Reward : 235.0
Episode : 7469 		 Timestep : 747000 		 Average Reward : 188.9
Episode : 7479 		 Timestep : 748000 		 Average Reward : 222.7
Episode : 7489 		 Timestep : 749000 		 Average Reward : 229.5
Episode : 7499 		 Timestep : 750000 		 Average Reward : 259.3
Episode : 7509 		 Timestep : 751000 		 Average Reward : 235.1
Episode : 7519 		 Timestep : 752000 		 Average Reward : 243.1
Episode : 7529 		 Timestep : 753000 		 Average Reward : 210.8
Episode : 7539 		 Timestep : 754000 		 Average Reward : 204.4
Episode : 7549 		 Timestep : 755000 		 Average Reward : 242.8
Episode : 7559 		 Timestep : 756000 		 Average Reward : 232.9
Episode : 7569 		 Timestep : 757000 		 Average Reward : 230.8
Episode : 7579 		 Timestep : 758000 		 Average Reward : 266.0
Episode : 7589 		 Timestep : 759000 		 Average Reward : 209.2
Episode : 7599 		 Timestep : 760000 		 Average Reward : 222.7
Episode : 7609 		 Timestep : 761000 		 Average Reward : 216.5
Episode : 7619 		 Timestep : 762000 		 Average Reward : 222.9
Episode : 7629 		 Timestep : 763000 		 Average Reward : 254.6
Episode : 7639 		 Timestep : 764000 		 Average Reward : 176.0
Episode : 7649 		 Timestep : 765000 		 Average Reward : 186.8
Episode : 7659 		 Timestep : 766000 		 Average Reward : 191.5
Episode : 7669 		 Timestep : 767000 		 Average Reward : 214.6
Episode : 7679 		 Timestep : 768000 		 Average Reward : 215.3
Episode : 7689 		 Timestep : 769000 		 Average Reward : 217.5
Episode : 7699 		 Timestep : 770000 		 Average Reward : 198.1
Episode : 7709 		 Timestep : 771000 		 Average Reward : 255.8
Episode : 7719 		 Timestep : 772000 		 Average Reward : 232.7
Episode : 7729 		 Timestep : 773000 		 Average Reward : 219.2
Episode : 7739 		 Timestep : 774000 		 Average Reward : 198.3
Episode : 7749 		 Timestep : 775000 		 Average Reward : 176.5
Episode : 7759 		 Timestep : 776000 		 Average Reward : 227.9
Episode : 7769 		 Timestep : 777000 		 Average Reward : 240.0
Episode : 7779 		 Timestep : 778000 		 Average Reward : 242.9
Episode : 7789 		 Timestep : 779000 		 Average Reward : 209.4
Episode : 7799 		 Timestep : 780000 		 Average Reward : 228.2
Episode : 7809 		 Timestep : 781000 		 Average Reward : 198.0
Episode : 7819 		 Timestep : 782000 		 Average Reward : 221.8
Episode : 7829 		 Timestep : 783000 		 Average Reward : 222.8
Episode : 7839 		 Timestep : 784000 		 Average Reward : 211.1
Episode : 7849 		 Timestep : 785000 		 Average Reward : 191.5
Episode : 7859 		 Timestep : 786000 		 Average Reward : 232.5
Episode : 7869 		 Timestep : 787000 		 Average Reward : 196.6
Episode : 7879 		 Timestep : 788000 		 Average Reward : 193.5
Episode : 7889 		 Timestep : 789000 		 Average Reward : 198.2
Episode : 7899 		 Timestep : 790000 		 Average Reward : 215.0
Episode : 7909 		 Timestep : 791000 		 Average Reward : 214.6
Episode : 7919 		 Timestep : 792000 		 Average Reward : 196.6
Episode : 7929 		 Timestep : 793000 		 Average Reward : 202.7
Episode : 7939 		 Timestep : 794000 		 Average Reward : 225.5
Episode : 7949 		 Timestep : 795000 		 Average Reward : 218.1
Episode : 7959 		 Timestep : 796000 		 Average Reward : 241.8
Episode : 7969 		 Timestep : 797000 		 Average Reward : 226.8
Episode : 7979 		 Timestep : 798000 		 Average Reward : 224.4
Episode : 7989 		 Timestep : 799000 		 Average Reward : 235.6
Episode : 7999 		 Timestep : 800000 		 Average Reward : 222.6
--------------------------------------------------------------------------------------------
saving model at : PPO_preTrained/multigrid-covering-v0/PPO_multigrid-covering-v0_0_0.pth
model saved
Elapsed Time  :  10:17:47
--------------------------------------------------------------------------------------------
Episode : 8009 		 Timestep : 801000 		 Average Reward : 195.2
Episode : 8019 		 Timestep : 802000 		 Average Reward : 238.5
Episode : 8029 		 Timestep : 803000 		 Average Reward : 263.6
Episode : 8039 		 Timestep : 804000 		 Average Reward : 226.8
Episode : 8049 		 Timestep : 805000 		 Average Reward : 220.8
Episode : 8059 		 Timestep : 806000 		 Average Reward : 213.4
Episode : 8069 		 Timestep : 807000 		 Average Reward : 207.9
Episode : 8079 		 Timestep : 808000 		 Average Reward : 222.4
Episode : 8089 		 Timestep : 809000 		 Average Reward : 217.3
Episode : 8099 		 Timestep : 810000 		 Average Reward : 243.0
Episode : 8109 		 Timestep : 811000 		 Average Reward : 251.6
Episode : 8119 		 Timestep : 812000 		 Average Reward : 209.8
Episode : 8129 		 Timestep : 813000 		 Average Reward : 223.3
Episode : 8139 		 Timestep : 814000 		 Average Reward : 205.5
Episode : 8149 		 Timestep : 815000 		 Average Reward : 211.1
Episode : 8159 		 Timestep : 816000 		 Average Reward : 185.6
Episode : 8169 		 Timestep : 817000 		 Average Reward : 220.5
Episode : 8179 		 Timestep : 818000 		 Average Reward : 190.6
Episode : 8189 		 Timestep : 819000 		 Average Reward : 220.8
Episode : 8199 		 Timestep : 820000 		 Average Reward : 239.8
Episode : 8209 		 Timestep : 821000 		 Average Reward : 210.9
Episode : 8219 		 Timestep : 822000 		 Average Reward : 243.1
Episode : 8229 		 Timestep : 823000 		 Average Reward : 219.6
Episode : 8239 		 Timestep : 824000 		 Average Reward : 197.1
Episode : 8249 		 Timestep : 825000 		 Average Reward : 215.0
Episode : 8259 		 Timestep : 826000 		 Average Reward : 223.4
Episode : 8269 		 Timestep : 827000 		 Average Reward : 198.0
Episode : 8279 		 Timestep : 828000 		 Average Reward : 212.1
Episode : 8289 		 Timestep : 829000 		 Average Reward : 224.3
Episode : 8299 		 Timestep : 830000 		 Average Reward : 233.8
Episode : 8309 		 Timestep : 831000 		 Average Reward : 257.4
Episode : 8319 		 Timestep : 832000 		 Average Reward : 230.4
Episode : 8329 		 Timestep : 833000 		 Average Reward : 204.4
Episode : 8339 		 Timestep : 834000 		 Average Reward : 255.9
Episode : 8349 		 Timestep : 835000 		 Average Reward : 234.6
Episode : 8359 		 Timestep : 836000 		 Average Reward : 156.8
Episode : 8369 		 Timestep : 837000 		 Average Reward : 199.9
Episode : 8379 		 Timestep : 838000 		 Average Reward : 237.3
Episode : 8389 		 Timestep : 839000 		 Average Reward : 227.3
Episode : 8399 		 Timestep : 840000 		 Average Reward : 243.7
Episode : 8409 		 Timestep : 841000 		 Average Reward : 212.1
Episode : 8419 		 Timestep : 842000 		 Average Reward : 225.6
Episode : 8429 		 Timestep : 843000 		 Average Reward : 199.1
Episode : 8439 		 Timestep : 844000 		 Average Reward : 198.7
Episode : 8449 		 Timestep : 845000 		 Average Reward : 209.7
Episode : 8459 		 Timestep : 846000 		 Average Reward : 210.2
Episode : 8469 		 Timestep : 847000 		 Average Reward : 267.3
Episode : 8479 		 Timestep : 848000 		 Average Reward : 224.2
Episode : 8489 		 Timestep : 849000 		 Average Reward : 197.2
Episode : 8499 		 Timestep : 850000 		 Average Reward : 251.9
Episode : 8509 		 Timestep : 851000 		 Average Reward : 203.5
Episode : 8519 		 Timestep : 852000 		 Average Reward : 213.6
Episode : 8529 		 Timestep : 853000 		 Average Reward : 182.6
Episode : 8539 		 Timestep : 854000 		 Average Reward : 236.7
Episode : 8549 		 Timestep : 855000 		 Average Reward : 211.6
Episode : 8559 		 Timestep : 856000 		 Average Reward : 212.0
Episode : 8569 		 Timestep : 857000 		 Average Reward : 214.0
Episode : 8579 		 Timestep : 858000 		 Average Reward : 233.9
Episode : 8589 		 Timestep : 859000 		 Average Reward : 245.5
Episode : 8599 		 Timestep : 860000 		 Average Reward : 232.5
Episode : 8609 		 Timestep : 861000 		 Average Reward : 236.2
Episode : 8619 		 Timestep : 862000 		 Average Reward : 231.0
Episode : 8629 		 Timestep : 863000 		 Average Reward : 206.5
Episode : 8639 		 Timestep : 864000 		 Average Reward : 246.3
Episode : 8649 		 Timestep : 865000 		 Average Reward : 231.0
Episode : 8659 		 Timestep : 866000 		 Average Reward : 196.3
Episode : 8669 		 Timestep : 867000 		 Average Reward : 199.0
Episode : 8679 		 Timestep : 868000 		 Average Reward : 227.0
Episode : 8689 		 Timestep : 869000 		 Average Reward : 206.2
Episode : 8699 		 Timestep : 870000 		 Average Reward : 216.3
Episode : 8709 		 Timestep : 871000 		 Average Reward : 185.5
Episode : 8719 		 Timestep : 872000 		 Average Reward : 237.0
Episode : 8729 		 Timestep : 873000 		 Average Reward : 249.4
Episode : 8739 		 Timestep : 874000 		 Average Reward : 216.7
Episode : 8749 		 Timestep : 875000 		 Average Reward : 204.5
Episode : 8759 		 Timestep : 876000 		 Average Reward : 209.3
Episode : 8769 		 Timestep : 877000 		 Average Reward : 180.4
Episode : 8779 		 Timestep : 878000 		 Average Reward : 230.5
Episode : 8789 		 Timestep : 879000 		 Average Reward : 232.3
Episode : 8799 		 Timestep : 880000 		 Average Reward : 232.1
Episode : 8809 		 Timestep : 881000 		 Average Reward : 220.2
Episode : 8819 		 Timestep : 882000 		 Average Reward : 247.6
Episode : 8829 		 Timestep : 883000 		 Average Reward : 251.1
Episode : 8839 		 Timestep : 884000 		 Average Reward : 234.5
Episode : 8849 		 Timestep : 885000 		 Average Reward : 228.3
Episode : 8859 		 Timestep : 886000 		 Average Reward : 219.7
Episode : 8869 		 Timestep : 887000 		 Average Reward : 212.3
Episode : 8879 		 Timestep : 888000 		 Average Reward : 219.2
Episode : 8889 		 Timestep : 889000 		 Average Reward : 182.3
Episode : 8899 		 Timestep : 890000 		 Average Reward : 237.2
Episode : 8909 		 Timestep : 891000 		 Average Reward : 234.5
Episode : 8919 		 Timestep : 892000 		 Average Reward : 198.5
Episode : 8929 		 Timestep : 893000 		 Average Reward : 240.9
Episode : 8939 		 Timestep : 894000 		 Average Reward : 203.2
Episode : 8949 		 Timestep : 895000 		 Average Reward : 206.4
Episode : 8959 		 Timestep : 896000 		 Average Reward : 216.2
Episode : 8969 		 Timestep : 897000 		 Average Reward : 223.5
Episode : 8979 		 Timestep : 898000 		 Average Reward : 236.8
Episode : 8989 		 Timestep : 899000 		 Average Reward : 250.4
Episode : 8999 		 Timestep : 900000 		 Average Reward : 238.9
--------------------------------------------------------------------------------------------
saving model at : PPO_preTrained/multigrid-covering-v0/PPO_multigrid-covering-v0_0_0.pth
model saved
Elapsed Time  :  11:51:11
--------------------------------------------------------------------------------------------
============================================================================================
Started training at (GMT) :  2022-11-22 19:55:48
Finished training at (GMT) :  2022-11-23 07:46:59
Total training time  :  11:51:11
============================================================================================
